Downloading/unpacking python-crontab
  Getting page https://pypi.python.org/simple/python-crontab/
  URLs to search for versions for python-crontab:
  * https://pypi.python.org/simple/python-crontab/
  Analyzing links from page https://pypi.python.org/simple/python-crontab/
    Found link https://pypi.python.org/packages/04/72/4d6976f725768de558761f93c34dcae5b1a10b7f20dc3ff256e59159d916/python-crontab-0.9.7.tar.gz#md5=6dd043d4815375d7646e74e907f4954e (from https://pypi.python.org/simple/python-crontab/), version: 0.9.7
    Found link https://pypi.python.org/packages/0e/de/2eec62f89f256ea3df856e0d72e5549df44f161a6804e974b1ee4b486f24/python-crontab-2.0.tar.gz#md5=ebe8dd7bf7723c8e5bbd193053bdc5b3 (from https://pypi.python.org/simple/python-crontab/), version: 2.0
    Found link https://pypi.python.org/packages/0f/e8/8cb9095db821ea2ca937a6a99d39a5bd8b3b95e3312837214cb37b7a3273/python-crontab-1.8.1.tar.gz#md5=44c27ddfb4084cff337d4c24419bc313 (from https://pypi.python.org/simple/python-crontab/), version: 1.8.1
    Found link https://pypi.python.org/packages/11/fe/05423c8aa7d569c13735a1b2e96b5635bde729a719456914c1c93cbaaaa9/python-crontab-0.5.tar.gz#md5=0518e23ca7f2ea27dd685aaf169c6228 (from https://pypi.python.org/simple/python-crontab/), version: 0.5
    Found link https://pypi.python.org/packages/14/f6/0de106e1a625454b720d91b228551b98a31899c841ab7ec7b29001619bb7/python-crontab-1.8.tar.gz#md5=48151c99f3955da4859d556687385987 (from https://pypi.python.org/simple/python-crontab/), version: 1.8
    Found link https://pypi.python.org/packages/18/78/6fcc6f595cfa09802b553fa08a67a9190ca4f68110969892ea717dad52e3/python-crontab-1.2.tar.gz#md5=4cf5871dc1d9b31b38a818d60dbdbdb5 (from https://pypi.python.org/simple/python-crontab/), version: 1.2
    Found link https://pypi.python.org/packages/19/21/2f0f09cb3f797321ad1577a6178c8eeabc4da00731eca97f08a2ab90fe87/python-crontab-1.9.0.tar.gz#md5=79b7123f3bde03b1b12b28455f3626d2 (from https://pypi.python.org/simple/python-crontab/), version: 1.9.0
    Found link https://pypi.python.org/packages/1b/51/88c692ae57da0bc704d77be92688518749794397fb8beac1ff7cb0144e7f/python-crontab-0.7.linux-i686.tar.gz#md5=10ce70d894d6d2b1bffd1a8a339e1ed4 (from https://pypi.python.org/simple/python-crontab/), version: 0.7.linux-i686
    Found link https://pypi.python.org/packages/25/07/2d52009c54b328cb803e1edb3a38e4ef352463f6d5b21e70de627adae50b/python-crontab-2.0.1.tar.gz#md5=c17197a389ed4e1dd438ca514f7f48ef (from https://pypi.python.org/simple/python-crontab/), version: 2.0.1
    Found link https://pypi.python.org/packages/26/06/9b4bcb8436b5b1620053f11ce7c916dcc55f1fb3f706919b0ca5c641b1a3/python-crontab-1.7.3.tar.gz#md5=a1035ca38400b7a83eb442a75136f964 (from https://pypi.python.org/simple/python-crontab/), version: 1.7.3
    Found link https://pypi.python.org/packages/2f/14/f175403cfc85f0158e09bd32139e6b47f9f312559dcb57f7ed8aa561bac9/python-crontab-1.4.4.tar.gz#md5=468284e99745f4689c36f4ff2fdcd088 (from https://pypi.python.org/simple/python-crontab/), version: 1.4.4
    Found link https://pypi.python.org/packages/35/39/2abf2f3919e54eade69b7140ec80bbe498ccb04a2028b898488edb8dc17d/python-crontab-1.4.1.tar.gz#md5=39d6f35f3cce6d0d80467c791d1e63b5 (from https://pypi.python.org/simple/python-crontab/), version: 1.4.1
    Found link https://pypi.python.org/packages/36/2a/efe5439539814e04415c8e02047797ef0c7c04b1887c7a645b5efc9a59dc/python-crontab-1.1.tar.gz#md5=8d3cd6db2e23d39a9e2667fef46f6af8 (from https://pypi.python.org/simple/python-crontab/), version: 1.1
    Found link https://pypi.python.org/packages/37/cb/439e25a13dc1e1ba1945a97d039cfb1b422e128220d4beb03862c514e6fd/python-crontab-1.0.tar.gz#md5=cd06611b19baf69dce6416a2469d551b (from https://pypi.python.org/simple/python-crontab/), version: 1.0
    Found link https://pypi.python.org/packages/39/0c/d0cb285074515bc51abdf73788716697cefd0f8c8ef652148c9834eb0e83/python-crontab-1.9.3.tar.gz#md5=4c19daa37bccd26d82c151138fe448ff (from https://pypi.python.org/simple/python-crontab/), version: 1.9.3
    Found link https://pypi.python.org/packages/39/b6/2f54589e1bb5f999b97b73086b224d74349f203de96bc5c9da2ca3b38190/python-crontab-1.4.3.tar.gz#md5=1d6848d5f315438e58d88ef06e1e17ff (from https://pypi.python.org/simple/python-crontab/), version: 1.4.3
    Found link https://pypi.python.org/packages/43/bd/3bfb19dd7c01d1a68894512be8e9a3f5924c6e5f9f2e931ef68270bfa81b/python-crontab-2.1.1.tar.gz#md5=7f0e1a65f4a57f10cbc33f818cf5b82c (from https://pypi.python.org/simple/python-crontab/), version: 2.1.1
    Found link https://pypi.python.org/packages/52/ec/dfcdb64afa9eb2ee25746b34f3a33282eaa628a219fb1efdbfce90f8898b/python-crontab-1.7.1.tar.gz#md5=404e8f11c0ed71875af67367ad29561c (from https://pypi.python.org/simple/python-crontab/), version: 1.7.1
    Found link https://pypi.python.org/packages/5a/49/4afc7b039fbca210a540fe7fd7937e25b8cd5ab8c3b69b38b0cf7a31828a/python-crontab-1.5.tar.gz#md5=68a3c959094e432d6cf38030854ed248 (from https://pypi.python.org/simple/python-crontab/), version: 1.5
    Found link https://pypi.python.org/packages/6b/31/5e39914b2fb55c625ce2610149229d0128384e24d2a6f2f6022bb170d167/python-crontab-1.5.1.tar.gz#md5=aa60a942ed350f7ef8b7599625fcdfe2 (from https://pypi.python.org/simple/python-crontab/), version: 1.5.1
    Found link https://pypi.python.org/packages/70/19/7846723583108da608ea735d3125305b90ec37192319fe4b76e75469c21e/python-crontab-2.0.2.tar.gz#md5=b0541482e13ceb15c599751b6752553b (from https://pypi.python.org/simple/python-crontab/), version: 2.0.2
    Found link https://pypi.python.org/packages/7c/95/a90e942bcf645e1ecfd34f07056f38204b847c28d2923952415543d5b98b/python-crontab-0.9.5.tar.gz#md5=79dd0894afe021ce03893834dc97396c (from https://pypi.python.org/simple/python-crontab/), version: 0.9.5
    Found link https://pypi.python.org/packages/80/0c/6d1cb0cfad10b4f8dd9cfa07031b7fb9c3e97165c3bfb5400f53f7e7f747/python-crontab-1.3.tar.gz#md5=235643f745666dfd54390ab3c7db8e97 (from https://pypi.python.org/simple/python-crontab/), version: 1.3
    Found link https://pypi.python.org/packages/83/a4/467ee4e42b9417b6f279c1041da1368e6d09008766b5117457d969fb72f6/python-crontab-1.9.5.tar.gz#md5=ee76366c58efc04b6ae327dc0e73c2b9 (from https://pypi.python.org/simple/python-crontab/), version: 1.9.5
    Found link https://pypi.python.org/packages/88/1c/898a13b24e9ddb6baf2156ed00f96683f7857a97c4cb5b20cba9d07aafbe/python-crontab-1.3.2.tar.gz#md5=27c5d9188efd43bc27349ccdccbb4244 (from https://pypi.python.org/simple/python-crontab/), version: 1.3.2
    Found link https://pypi.python.org/packages/9d/a3/bc2c30627614bf58819e5a1a5cbd6c9d0c43d2c8614822b4a88172916e7d/python-crontab-1.9.1.tar.gz#md5=99068562900e472a718b7feb6269cdbc (from https://pypi.python.org/simple/python-crontab/), version: 1.9.1
    Found link https://pypi.python.org/packages/a0/28/fcfd4bc96bea36d5bf78fa3379d98e51e75d59fed98bb680e264bc8f7c2c/python-crontab-1.6.0.tar.gz#md5=40f6cae571906332d52c620534b9b579 (from https://pypi.python.org/simple/python-crontab/), version: 1.6.0
    Found link https://pypi.python.org/packages/ac/79/ba7f6e5439707f15e8df513301ffd81e13f15779bbcfef3318a7b55809a4/python-crontab-0.9.6.tar.gz#md5=ec2e1abecc1ea6a7446fd11536266e72 (from https://pypi.python.org/simple/python-crontab/), version: 0.9.6
    Found link https://pypi.python.org/packages/c2/39/9ac2b37395c11b50bf7624cd65cc2b29e48413a0915a86a530605790135d/python-crontab-0.9.4.tar.gz#md5=8a26ec5e1199c309e7f408ba9c265520 (from https://pypi.python.org/simple/python-crontab/), version: 0.9.4
    Found link https://pypi.python.org/packages/c3/20/f9f2f2b25d45a211e2d50bedadf5b3276dcd8de701b045e2f5a89879cba9/python-crontab-1.8.2.tar.gz#md5=fd55fe31d871f417263327c8244c198b (from https://pypi.python.org/simple/python-crontab/), version: 1.8.2
    Found link https://pypi.python.org/packages/d1/ae/3631fbc41b398328cdfb4c7109b3990b22dbc584fa5b07ac194b12b7527b/python-crontab-1.8.3.tar.gz#md5=7cc24291c277b12647eaeb445b56f52f (from https://pypi.python.org/simple/python-crontab/), version: 1.8.3
    Found link https://pypi.python.org/packages/d6/26/fc6a2fc1b7ca71c43a4c7c99141d01bdfd4e9c7933c2989bee5898544497/python-crontab-1.4.tar.gz#md5=7b9b457b2afee1cc0fe6cc66bfc7ea33 (from https://pypi.python.org/simple/python-crontab/), version: 1.4
    Found link https://pypi.python.org/packages/d7/af/295326acfbd7a1b0d6d9ed01e617456b9fc1cadd7c94fe455162ff56a197/python-crontab-1.9.2.tar.gz#md5=56c8a6ac093354fe31e0e1494b7c1da5 (from https://pypi.python.org/simple/python-crontab/), version: 1.9.2
    Found link https://pypi.python.org/packages/e6/ec/11a4697f8633dd200302274814ae59e40ee7a16ed1e6b36f65448d0f36c1/python-crontab-1.7.0.tar.gz#md5=15d2df9835d8ccce6cb8a4dae23f90e8 (from https://pypi.python.org/simple/python-crontab/), version: 1.7.0
    Found link https://pypi.python.org/packages/f0/63/6c032da34aea1e172dcf0cfd31bea70604627904c32a02f5d88a8f5ff69a/python-crontab-0.9.2.tar.gz#md5=774416c66335aa9f531910749cf7f4a1 (from https://pypi.python.org/simple/python-crontab/), version: 0.9.2
    Found link https://pypi.python.org/packages/f0/b8/8e90afb76740910d8c07300949b4d57244040da4e22ba08c500c836796bb/python-crontab-0.7.tar.gz#md5=345f22df5896fc888da92d0edc116694 (from https://pypi.python.org/simple/python-crontab/), version: 0.7
    Found link https://pypi.python.org/packages/f8/48/814de172993b93373ea3674454e36f5d59e406a69ed8ba1e31c2521d68d1/python-crontab-1.7.2.tar.gz#md5=794dfd7d16c9db4af675e12ca6383c5e (from https://pypi.python.org/simple/python-crontab/), version: 1.7.2
  Ignoring link https://pypi.python.org/packages/1b/51/88c692ae57da0bc704d77be92688518749794397fb8beac1ff7cb0144e7f/python-crontab-0.7.linux-i686.tar.gz#md5=10ce70d894d6d2b1bffd1a8a339e1ed4 (from https://pypi.python.org/simple/python-crontab/), version 0.7.linux-i686 is a pre-release (use --pre to allow).
  Using version 2.1.1 (newest of versions: 2.1.1, 2.0.2, 2.0.1, 2.0, 1.9.5, 1.9.3, 1.9.2, 1.9.1, 1.9.0, 1.8.3, 1.8.2, 1.8.1, 1.8, 1.7.3, 1.7.2, 1.7.1, 1.7.0, 1.6.0, 1.5.1, 1.5, 1.4.4, 1.4.3, 1.4.1, 1.4, 1.3.2, 1.3, 1.2, 1.1, 1.0, 0.9.7, 0.9.6, 0.9.5, 0.9.4, 0.9.2, 0.7, 0.5)
  Downloading python-crontab-2.1.1.tar.gz
  Downloading from URL https://pypi.python.org/packages/43/bd/3bfb19dd7c01d1a68894512be8e9a3f5924c6e5f9f2e931ef68270bfa81b/python-crontab-2.1.1.tar.gz#md5=7f0e1a65f4a57f10cbc33f818cf5b82c (from https://pypi.python.org/simple/python-crontab/)
  Running setup.py (path:/tmp/pip-build-fAIZwF/python-crontab/setup.py) egg_info for package python-crontab
    /usr/lib/python2.7/distutils/dist.py:267: UserWarning: Unknown distribution option: 'release'
      warnings.warn(msg)
    running egg_info
    creating pip-egg-info/python_crontab.egg-info
    writing requirements to pip-egg-info/python_crontab.egg-info/requires.txt
    writing pip-egg-info/python_crontab.egg-info/PKG-INFO
    writing top-level names to pip-egg-info/python_crontab.egg-info/top_level.txt
    writing dependency_links to pip-egg-info/python_crontab.egg-info/dependency_links.txt
    writing manifest file 'pip-egg-info/python_crontab.egg-info/SOURCES.txt'
    warning: manifest_maker: standard file '-c' not found
    
    reading manifest file 'pip-egg-info/python_crontab.egg-info/SOURCES.txt'
    reading manifest template 'MANIFEST.in'
    writing manifest file 'pip-egg-info/python_crontab.egg-info/SOURCES.txt'
  Source in /tmp/pip-build-fAIZwF/python-crontab has version 2.1.1, which satisfies requirement python-crontab
  skipping extra cron-description
  skipping extra cron-schedule
Downloading/unpacking python-dateutil (from python-crontab)
  Getting page https://pypi.python.org/simple/python-dateutil/
  URLs to search for versions for python-dateutil (from python-crontab):
  * https://pypi.python.org/simple/python-dateutil/
  Analyzing links from page https://pypi.python.org/simple/python-dateutil/
    Found link https://pypi.python.org/packages/22/75/666cd70de6a70cc7c6560429340ee7ef08196c93f552428983a808423755/python_dateutil-2.4.2-py2.py3-none-any.whl#md5=c817289a1d95a355cc088e2292791a77 (from https://pypi.python.org/simple/python-dateutil/), version: 2.4.2
    Found link https://pypi.python.org/packages/22/b7/923674117d83465c0ccab5d5fa1b66caba59d6fa7428089fd2470a1e29cd/python-dateutil-2.5.2.tar.gz#md5=eafe168e8f404bf384514f5116eedbb6 (from https://pypi.python.org/simple/python-dateutil/), version: 2.5.2
    Found link https://pypi.python.org/packages/27/50/0a3e33ba83cebfef5e14fd52c1d6f053870618b6e15cf3e99fd5b893b2c7/python-dateutil-1.4.1.tar.gz#md5=2a5f25ab12fcefcf0b21348f2d47595a (from https://pypi.python.org/simple/python-dateutil/), version: 1.4.1
    Found link https://pypi.python.org/packages/33/68/9eadc96f9899caebd98f55f942d6a8f3fb2b8f8e69ba81a0f771269897e9/python_dateutil-2.5.3-py2.py3-none-any.whl#md5=dbcd46b171e01d4518db96e3571810db (from https://pypi.python.org/simple/python-dateutil/), version: 2.5.3
    Found link https://pypi.python.org/packages/3e/f5/aad82824b369332a676a90a8c0d1e608b17e740bbb6aeeebca726f17b902/python-dateutil-2.5.3.tar.gz#md5=05ffc6d2cc85a7fd93bb245807f715ef (from https://pypi.python.org/simple/python-dateutil/), version: 2.5.3
    Found link https://pypi.python.org/packages/40/8b/275015d7a9ec293cf1bbf55433258fbc9d0711890a7f6dc538bac7b86bce/python_dateutil-2.6.0-py2.py3-none-any.whl#md5=c13e1709e11826e080663bab7281cae4 (from https://pypi.python.org/simple/python-dateutil/), version: 2.6.0
    Found link https://pypi.python.org/packages/45/f8/88de2335cf6162be0b5c165b3e229267fe3c522ffa9464ffb424359ba682/python_dateutil-2.5.2-py2.py3-none-any.whl#md5=50283d17f1a5c5919886af456afe4db1 (from https://pypi.python.org/simple/python-dateutil/), version: 2.5.2
    Found link https://pypi.python.org/packages/4b/f8/3c03f8e9dbcfc803d7eb26bab2b2009ac438db7e8a89e8ebc44bfc59c6e1/python-dateutil-2.5.1.zip#md5=a7b599959b23356a6e265f9fdd9aa924 (from https://pypi.python.org/simple/python-dateutil/), version: 2.5.1
    Found link https://pypi.python.org/packages/51/fc/39a3fbde6864942e8bb24c93663734b74e281b984d1b8c4f95d64b0c21f6/python-dateutil-2.6.0.tar.gz#md5=6e38f91e8c94c15a79ce22768dfeca87 (from https://pypi.python.org/simple/python-dateutil/), version: 2.6.0
    Found link https://pypi.python.org/packages/56/2a/03c4ea9e9502231ac4a619314b2b28a90f0aeec425efe2bd4c44d0ff8765/python-dateutil-2.5.2.zip#md5=a52f00fae7b54a6b99504dea458e49dc (from https://pypi.python.org/simple/python-dateutil/), version: 2.5.2
    Found link https://pypi.python.org/packages/5c/2d/296f3e43efda760722e3c4312b90eb2ae475cb7edd9c7eaba280b1ab2dd7/python_dateutil-2.3-py2.py3-none-any.whl#md5=3775dadf999b9a59077a0575d604e71f (from https://pypi.python.org/simple/python-dateutil/), version: 2.3
    Found link https://pypi.python.org/packages/61/6b/f3a920258ea1237d091b4a06aa0e527fa3ab76ede5875745425851e3d4c7/python-dateutil-2.5.1.tar.gz#md5=2769f13c596427558136b34977a95269 (from https://pypi.python.org/simple/python-dateutil/), version: 2.5.1
    Found link https://pypi.python.org/packages/62/fe/45044dfa6bfa6ff18ddfe1df85fbf01d333c284b94e8c9a02fe12241c8cf/python-dateutil-2.4.1.tar.bz2#md5=6603c54f37cace901157e2ec2443e96b (from https://pypi.python.org/simple/python-dateutil/), version: 2.4.1
    Found link https://pypi.python.org/packages/65/52/9c18dac21f174ad31b65e22d24297864a954e6fe65876eba3f5773d2da43/python-dateutil-2.1.tar.gz#md5=1534bb15cf311f07afaa3aacba1c028b (from https://pypi.python.org/simple/python-dateutil/), version: 2.1
    Found link https://pypi.python.org/packages/66/54/d561347dbfa0a1eeaf49a005da5fd71c0a0be8e4e2676f14775dd0097430/python-dateutil-2.3.tar.gz#md5=14dae5a51d11802cc1e8828c5f797358 (from https://pypi.python.org/simple/python-dateutil/), version: 2.3
    Found link https://pypi.python.org/packages/73/c4/d9e410b1641e210262123f49619070e46da2a7ede334cf6b6fb3db5ee985/python-dateutil-2.4.1.post1.zip#md5=2321f202522fffe7f163d24f584125dd (from https://pypi.python.org/simple/python-dateutil/), version: 2.4.1.post1
    Found link https://pypi.python.org/packages/75/c5/85d027471fa665f8c8b8eb0b925f9d84b4eee745a257b16de4957de99e81/python-dateutil-2.2.tar.gz#md5=c1f654d0ff7e33999380a8ba9783fd5c (from https://pypi.python.org/simple/python-dateutil/), version: 2.2
    Found link https://pypi.python.org/packages/95/8e/71125f3f24771f50e630b5a6fa9fd209a9f167dcbc3aad65a48cb3dd5694/python-dateutil-2.6.0.zip#md5=530f7b56e36fa42ada6c02a17b15660c (from https://pypi.python.org/simple/python-dateutil/), version: 2.6.0
    Found link https://pypi.python.org/packages/97/fd/335326ddbac76e5598341c0a3bcfb8f03989d34beebb4065aee23f68b642/python-dateutil-1.4.tar.gz#md5=bfc5ff0551ec864d8a514e3137c063d2 (from https://pypi.python.org/simple/python-dateutil/), version: 1.4
    Found link https://pypi.python.org/packages/9c/b0/5948496efa852dfa78751c3f494f57fa01bfc453b4a7b7b47b0c2e0b6a80/python-dateutil-2.4.1.post1.tar.gz#md5=b47c0db65d930fdde48999827795a6b2 (from https://pypi.python.org/simple/python-dateutil/), version: 2.4.1.post1
    Found link https://pypi.python.org/packages/a7/65/1d4e38ecca8f0b599748e11cea20ab1e011206d0ef1cce098b16e41e1857/python_dateutil-2.4.0-py2.py3-none-any.whl#md5=ef883f27e1ca452d20b7c043c997b82f (from https://pypi.python.org/simple/python-dateutil/), version: 2.4.0
    Found link https://pypi.python.org/packages/b2/2c/1e76d08cbfb4d81faa4ab9995ed5d3ac45bd380da32df1733530dfdd8123/python_dateutil-2.5.0-py2.py3-none-any.whl#md5=3270a9e2ca1db10719d10b205f74dcab (from https://pypi.python.org/simple/python-dateutil/), version: 2.5.0
    Found link https://pypi.python.org/packages/b2/c0/42f05312d33e36196c52225f6859a02baa66dae1cee34e9a6967910ba8a5/python_dateutil-2.5.1-py2.py3-none-any.whl#md5=0124fdf5ffcd2530defa0bac8747055b (from https://pypi.python.org/simple/python-dateutil/), version: 2.5.1
    Found link https://pypi.python.org/packages/b4/7c/df59c89a753eb33c7c44e1dd42de0e9bc2ccdd5a4d576e0bfad97cc280cb/python-dateutil-1.5.tar.gz#md5=0dcb1de5e5cad69490a3b6ab63f0cfa5 (from https://pypi.python.org/simple/python-dateutil/), version: 1.5
    Found link https://pypi.python.org/packages/b6/ff/5eaa688dd8ce78913f47438f9b40071a560126ac3e95f9b9be27dfe546a7/python-dateutil-2.4.2.tar.gz#md5=4ef68e1c485b09e9f034e10473e5add2 (from https://pypi.python.org/simple/python-dateutil/), version: 2.4.2
    Found link https://pypi.python.org/packages/b7/9f/ba2b6aaf27e74df59f31b77d1927d5b037cc79a89cda604071f93d289eaf/python-dateutil-2.5.3.zip#md5=52b3f339f41986c25c3a2247e722db17 (from https://pypi.python.org/simple/python-dateutil/), version: 2.5.3
    Found link https://pypi.python.org/packages/b9/d3/7800c2560d81f112417d245468b8c8d71a068d98cd13c3c14f193a297036/python-dateutil-2.5.0.tar.gz#md5=89cc81c2ee11cf71102c1d3985a01ecb (from https://pypi.python.org/simple/python-dateutil/), version: 2.5.0
    Found link https://pypi.python.org/packages/c2/2d/b5ceb7162be2c33c60cdf8b5970d360b41bb16a8cf83e632fca876846d09/python-dateutil-2.5.0.zip#md5=3fa99fa1bc5065ce6264c19406b7532a (from https://pypi.python.org/simple/python-dateutil/), version: 2.5.0
    Found link https://pypi.python.org/packages/c4/f5/f7e7edb5691268519f703172e25168a149b861d13c8e0993f9e9d990632d/python_dateutil-2.4.1-py2.py3-none-any.whl#md5=035e14c12a62a2991e03888c1c1a415b (from https://pypi.python.org/simple/python-dateutil/), version: 2.4.1
    Found link https://pypi.python.org/packages/f8/56/037f001409fdcaa4af06c8e8d83cb723334ead10b4b57c3c192b6de3e09d/python-dateutil-2.4.0.tar.gz#md5=75714163bb96bedd07685cdb2071b8bc (from https://pypi.python.org/simple/python-dateutil/), version: 2.4.0
  Using version 2.6.0 (newest of versions: 2.6.0, 2.6.0, 2.6.0, 2.5.3, 2.5.3, 2.5.3, 2.5.2, 2.5.2, 2.5.2, 2.5.1, 2.5.1, 2.5.1, 2.5.0, 2.5.0, 2.5.0, 2.4.2, 2.4.2, 2.4.1.post1, 2.4.1.post1, 2.4.1, 2.4.1, 2.4.0, 2.4.0, 2.3, 2.3, 2.2, 2.1, 1.5, 1.4.1, 1.4)
  Downloading from URL https://pypi.python.org/packages/40/8b/275015d7a9ec293cf1bbf55433258fbc9d0711890a7f6dc538bac7b86bce/python_dateutil-2.6.0-py2.py3-none-any.whl#md5=c13e1709e11826e080663bab7281cae4 (from https://pypi.python.org/simple/python-dateutil/)
Requirement already satisfied (use --upgrade to upgrade): six>=1.5 in /usr/lib/python2.7/dist-packages (from python-dateutil->python-crontab)
Installing collected packages: python-crontab, python-dateutil
  Running setup.py install for python-crontab
    Running command /usr/bin/python -c "import setuptools, tokenize;__file__='/tmp/pip-build-fAIZwF/python-crontab/setup.py';exec(compile(getattr(tokenize, 'open', open)(__file__).read().replace('\r\n', '\n'), __file__, 'exec'))" install --record /tmp/pip-oNcv3f-record/install-record.txt --single-version-externally-managed --compile
    /usr/lib/python2.7/distutils/dist.py:267: UserWarning: Unknown distribution option: 'release'
      warnings.warn(msg)
    running install
    running build
    running build_py
    creating build
    creating build/lib.linux-armv7l-2.7
    copying crontab.py -> build/lib.linux-armv7l-2.7
    copying crontabs.py -> build/lib.linux-armv7l-2.7
    copying cronlog.py -> build/lib.linux-armv7l-2.7
    running install_lib
    copying build/lib.linux-armv7l-2.7/cronlog.py -> /usr/local/lib/python2.7/dist-packages
    error: [Errno 13] Permission denied: '/usr/local/lib/python2.7/dist-packages/cronlog.py'
    Complete output from command /usr/bin/python -c "import setuptools, tokenize;__file__='/tmp/pip-build-fAIZwF/python-crontab/setup.py';exec(compile(getattr(tokenize, 'open', open)(__file__).read().replace('\r\n', '\n'), __file__, 'exec'))" install --record /tmp/pip-oNcv3f-record/install-record.txt --single-version-externally-managed --compile:
    /usr/lib/python2.7/distutils/dist.py:267: UserWarning: Unknown distribution option: 'release'

  warnings.warn(msg)

running install

running build

running build_py

creating build

creating build/lib.linux-armv7l-2.7

copying crontab.py -> build/lib.linux-armv7l-2.7

copying crontabs.py -> build/lib.linux-armv7l-2.7

copying cronlog.py -> build/lib.linux-armv7l-2.7

running install_lib

copying build/lib.linux-armv7l-2.7/cronlog.py -> /usr/local/lib/python2.7/dist-packages

error: [Errno 13] Permission denied: '/usr/local/lib/python2.7/dist-packages/cronlog.py'

----------------------------------------
Cleaning up...
Command /usr/bin/python -c "import setuptools, tokenize;__file__='/tmp/pip-build-fAIZwF/python-crontab/setup.py';exec(compile(getattr(tokenize, 'open', open)(__file__).read().replace('\r\n', '\n'), __file__, 'exec'))" install --record /tmp/pip-oNcv3f-record/install-record.txt --single-version-externally-managed --compile failed with error code 1 in /tmp/pip-build-fAIZwF/python-crontab
Exception information:
Traceback (most recent call last):
  File "/usr/lib/python2.7/dist-packages/pip/basecommand.py", line 122, in main
    status = self.run(options, args)
  File "/usr/lib/python2.7/dist-packages/pip/commands/install.py", line 295, in run
    requirement_set.install(install_options, global_options, root=options.root_path)
  File "/usr/lib/python2.7/dist-packages/pip/req.py", line 1436, in install
    requirement.install(install_options, global_options, *args, **kwargs)
  File "/usr/lib/python2.7/dist-packages/pip/req.py", line 707, in install
    cwd=self.source_dir, filter_stdout=self._filter_install, show_stdout=False)
  File "/usr/lib/python2.7/dist-packages/pip/util.py", line 716, in call_subprocess
    % (command_desc, proc.returncode, cwd))
InstallationError: Command /usr/bin/python -c "import setuptools, tokenize;__file__='/tmp/pip-build-fAIZwF/python-crontab/setup.py';exec(compile(getattr(tokenize, 'open', open)(__file__).read().replace('\r\n', '\n'), __file__, 'exec'))" install --record /tmp/pip-oNcv3f-record/install-record.txt --single-version-externally-managed --compile failed with error code 1 in /tmp/pip-build-fAIZwF/python-crontab
